<?xml version="1.0" encoding="UTF-8"?>
<!-- Generated by org.testng.reporters.JUnitReportReporter -->
<testsuite hostname="Sayantans-MBP-3.home" failures="0" tests="2" name="qa.tests.TestCase1" time="13.451" errors="0" timestamp="2024-09-26T16:08:42 PDT" skipped="0">
  <testcase classname="qa.tests.TestCase1" name="loginCredentials" time="8.778"/>
  <testcase classname="qa.tests.TestCase1" name="addItemsToCart" time="4.673"/>
</testsuite> <!-- qa.tests.TestCase1 -->
